2020-03-12 11:09:33 [scrapy.utils.log] INFO: Scrapy 1.8.0 started (bot: Maoyan)
2020-03-12 11:09:33 [scrapy.utils.log] INFO: Versions: lxml 4.4.2.0, libxml2 2.9.5, cssselect 1.1.0, parsel 1.5.2, w3lib 1.21.0, Twisted 19.10.0, Python 3.6.4 (v3.6.4:d48eceb, Dec 19 2017, 06:54:40) [MSC v.1900 64 bit (AMD64)], pyOpenSSL 19.1.0 (OpenSSL 1.1.1d  10 Sep 2019), cryptography 2.8, Platform Windows-7-6.1.7601-SP1
2020-03-12 11:09:33 [scrapy.crawler] INFO: Overridden settings: {'BOT_NAME': 'Maoyan', 'DOWNLOAD_DELAY': 1, 'FEED_EXPORT_ENCODING': 'utf-8', 'FEED_FORMAT': 'json', 'FEED_URI': 'maoyan.json', 'LOG_FILE': 'maoyan.log', 'LOG_LEVEL': 'INFO', 'NEWSPIDER_MODULE': 'Maoyan.spiders', 'SPIDER_MODULES': ['Maoyan.spiders']}
2020-03-12 11:09:34 [scrapy.extensions.telnet] INFO: Telnet Password: 9867b443bd22e022
2020-03-12 11:09:34 [scrapy.middleware] INFO: Enabled extensions:
['scrapy.extensions.corestats.CoreStats',
 'scrapy.extensions.telnet.TelnetConsole',
 'scrapy.extensions.feedexport.FeedExporter',
 'scrapy.extensions.logstats.LogStats']
2020-03-12 11:09:39 [scrapy.middleware] INFO: Enabled downloader middlewares:
['scrapy.downloadermiddlewares.httpauth.HttpAuthMiddleware',
 'scrapy.downloadermiddlewares.downloadtimeout.DownloadTimeoutMiddleware',
 'scrapy.downloadermiddlewares.defaultheaders.DefaultHeadersMiddleware',
 'scrapy.downloadermiddlewares.useragent.UserAgentMiddleware',
 'scrapy.downloadermiddlewares.retry.RetryMiddleware',
 'scrapy.downloadermiddlewares.redirect.MetaRefreshMiddleware',
 'scrapy.downloadermiddlewares.httpcompression.HttpCompressionMiddleware',
 'scrapy.downloadermiddlewares.redirect.RedirectMiddleware',
 'scrapy.downloadermiddlewares.cookies.CookiesMiddleware',
 'scrapy.downloadermiddlewares.httpproxy.HttpProxyMiddleware',
 'scrapy.downloadermiddlewares.stats.DownloaderStats']
2020-03-12 11:09:39 [scrapy.middleware] INFO: Enabled spider middlewares:
['scrapy.spidermiddlewares.httperror.HttpErrorMiddleware',
 'scrapy.spidermiddlewares.offsite.OffsiteMiddleware',
 'scrapy.spidermiddlewares.referer.RefererMiddleware',
 'scrapy.spidermiddlewares.urllength.UrlLengthMiddleware',
 'scrapy.spidermiddlewares.depth.DepthMiddleware']
2020-03-12 11:09:39 [twisted] CRITICAL: Unhandled error in Deferred:
2020-03-12 11:09:40 [twisted] CRITICAL: 
Traceback (most recent call last):
  File "D:\Python\venv\lib\site-packages\twisted\internet\defer.py", line 1418, in _inlineCallbacks
    result = g.send(result)
  File "D:\Python\venv\lib\site-packages\scrapy\crawler.py", line 86, in crawl
    self.engine = self._create_engine()
  File "D:\Python\venv\lib\site-packages\scrapy\crawler.py", line 111, in _create_engine
    return ExecutionEngine(self, lambda _: self.stop())
  File "D:\Python\venv\lib\site-packages\scrapy\core\engine.py", line 70, in __init__
    self.scraper = Scraper(crawler)
  File "D:\Python\venv\lib\site-packages\scrapy\core\scraper.py", line 71, in __init__
    self.itemproc = itemproc_cls.from_crawler(crawler)
  File "D:\Python\venv\lib\site-packages\scrapy\middleware.py", line 53, in from_crawler
    return cls.from_settings(crawler.settings, crawler)
  File "D:\Python\venv\lib\site-packages\scrapy\middleware.py", line 34, in from_settings
    mwcls = load_object(clspath)
  File "D:\Python\venv\lib\site-packages\scrapy\utils\misc.py", line 46, in load_object
    mod = import_module(module)
  File "D:\Python\lib\importlib\__init__.py", line 126, in import_module
    return _bootstrap._gcd_import(name[level:], package, level)
  File "<frozen importlib._bootstrap>", line 994, in _gcd_import
  File "<frozen importlib._bootstrap>", line 971, in _find_and_load
  File "<frozen importlib._bootstrap>", line 955, in _find_and_load_unlocked
  File "<frozen importlib._bootstrap>", line 665, in _load_unlocked
  File "<frozen importlib._bootstrap_external>", line 678, in exec_module
  File "<frozen importlib._bootstrap>", line 219, in _call_with_frames_removed
  File "E:\wh\aid1909\month04\spider_day08\Maoyan\Maoyan\pipelines.py", line 45, in <module>
    import pymongo
ModuleNotFoundError: No module named 'pymongo'
